<?xml version="1.0" encoding="UTF-8" ?>
<testsuites>
 <testsuite name="login_script" package="1.suite" timestamp="2023-08-20 17:08:48.973 +0800"
 tests="1"  failures="1" errors="1" time="21.827178">
  <properties>
   <property name="RunDate" value="2023-08-20 17:08:48.973 +0800"/>
   <property name="Status" value="Failure"/>
  </properties>
  <testcase name="login.script" assertions="1" status="error"  time="21.820739">
    <failure type="FAILURE" message="Image Not Found: waitfor Error - Unable To Find Any Image On Screen &quot;initialscreen&quot; within 15.00 seconds -- Execution Time 0:00:21 login.script" />
    <error type="Exception" message="Unable To Find Any Image On Screen &quot;initialscreen&quot; within 15.00 seconds" />
  </testcase>
 </testsuite>
</testsuites>
