<?xml version="1.0"?>
<testsuites>
 <testsuite name="5_External_Data/FillForm_script" package="FoundationExerciseAnswers.suite" timestamp="2019-02-19 12:42:59.410 +0000"
 tests="1"  failures="1" errors="1" time="40.628966">
  <properties>
   <property name="RunDate" value="2019-02-19 12:42:59.410 +0000"/>
   <property name="Status" value="Failure"/>
  </properties>
  <testcase name="5_External_Data/FillForm.script" assertions="1" status="error"  time="40.619406">
    <failure type="FAILURE" message="Image Not Found click Error - No Image Found On Screen: &quot;5_External_Data/Submit&quot;  Restricted Search Rectangle ((0,76),(1024,767))\n -- Execution Time 0:00:40 5_External_Data/FillForm.script" />
    <error type="Exception" message="No Image Found On Screen: &quot;5_External_Data/Submit&quot;" />
  </testcase>
 </testsuite>
</testsuites>
