<?xml version="1.0" encoding="UTF-8" ?>
<testsuites>
 <testsuite name="3_OCR/Exercise_script" package="FoundationExerciseAnswers.suite" timestamp="2023-03-23 13:56:52.194 +0800"
 tests="1"  failures="1" errors="1" time="28.970239">
  <properties>
   <property name="RunDate" value="2023-03-23 13:56:52.194 +0800"/>
   <property name="Status" value="Failure"/>
  </properties>
  <testcase name="3_OCR/Exercise.script" assertions="1" status="error"  time="28.963666">
    <failure type="FAILURE" message="Image Not Found: waitforall Error - Not found: 3_OCR/nopcommercelogo -- Execution Time 0:00:28 3_OCR/Exercise.script" />
    <error type="Exception" message="Not found: 3_OCR/nopcommercelogo" />
  </testcase>
 </testsuite>
</testsuites>
